  Source.cpp
D:\Github\GrafikaBeadando\Grafika\Source.cpp(33,15): warning C4244: 'initializing': conversion from 'double' to 'float', possible loss of data
D:\Github\GrafikaBeadando\Grafika\Source.cpp(34,11): warning C4244: 'initializing': conversion from 'double' to 'float', possible loss of data
D:\Github\GrafikaBeadando\Grafika\Source.cpp(35,11): warning C4244: 'initializing': conversion from 'double' to 'float', possible loss of data
D:\Github\GrafikaBeadando\Grafika\Source.cpp(354,58): warning C4267: 'argument': conversion from 'size_t' to 'GLsizei', possible loss of data
D:\Github\GrafikaBeadando\Grafika\Source.cpp(361,37): warning C4305: '=': truncation from 'double' to 'float'
D:\Github\GrafikaBeadando\Grafika\Source.cpp(362,37): warning C4305: '=': truncation from 'double' to 'float'
D:\Github\GrafikaBeadando\Grafika\Source.cpp(363,37): warning C4305: '=': truncation from 'double' to 'float'
D:\Github\GrafikaBeadando\Grafika\Source.cpp(364,37): warning C4305: '=': truncation from 'double' to 'float'
D:\Github\GrafikaBeadando\Grafika\Source.cpp(460,15): warning C4305: '+=': truncation from 'double' to 'float'
D:\Github\GrafikaBeadando\Grafika\Source.cpp(464,15): warning C4305: '-=': truncation from 'double' to 'float'
LINK : warning LNK4098: defaultlib 'MSVCRTD' conflicts with use of other libs; use /NODEFAULTLIB:library
  Generating code
  4 of 240 functions ( 1.7%) were compiled, the rest were copied from previous compilation.
    2 functions were new in current compilation
    7 functions had inline decision re-evaluated but remain unchanged
  Finished generating code
glfw3.lib(context.obj) : warning LNK4099: PDB 'glfw.pdb' was not found with 'glfw3.lib(context.obj)' or at 'D:\Github\GrafikaBeadando\Grafika\x64\Release\glfw.pdb'; linking object as if no debug info
glfw3.lib(window.obj) : warning LNK4099: PDB 'glfw.pdb' was not found with 'glfw3.lib(window.obj)' or at 'D:\Github\GrafikaBeadando\Grafika\x64\Release\glfw.pdb'; linking object as if no debug info
glfw3.lib(input.obj) : warning LNK4099: PDB 'glfw.pdb' was not found with 'glfw3.lib(input.obj)' or at 'D:\Github\GrafikaBeadando\Grafika\x64\Release\glfw.pdb'; linking object as if no debug info
glfw3.lib(init.obj) : warning LNK4099: PDB 'glfw.pdb' was not found with 'glfw3.lib(init.obj)' or at 'D:\Github\GrafikaBeadando\Grafika\x64\Release\glfw.pdb'; linking object as if no debug info
glfw3.lib(win32_thread.obj) : warning LNK4099: PDB 'glfw.pdb' was not found with 'glfw3.lib(win32_thread.obj)' or at 'D:\Github\GrafikaBeadando\Grafika\x64\Release\glfw.pdb'; linking object as if no debug info
glfw3.lib(win32_window.obj) : warning LNK4099: PDB 'glfw.pdb' was not found with 'glfw3.lib(win32_window.obj)' or at 'D:\Github\GrafikaBeadando\Grafika\x64\Release\glfw.pdb'; linking object as if no debug info
glfw3.lib(win32_joystick.obj) : warning LNK4099: PDB 'glfw.pdb' was not found with 'glfw3.lib(win32_joystick.obj)' or at 'D:\Github\GrafikaBeadando\Grafika\x64\Release\glfw.pdb'; linking object as if no debug info
glfw3.lib(win32_time.obj) : warning LNK4099: PDB 'glfw.pdb' was not found with 'glfw3.lib(win32_time.obj)' or at 'D:\Github\GrafikaBeadando\Grafika\x64\Release\glfw.pdb'; linking object as if no debug info
glfw3.lib(win32_init.obj) : warning LNK4099: PDB 'glfw.pdb' was not found with 'glfw3.lib(win32_init.obj)' or at 'D:\Github\GrafikaBeadando\Grafika\x64\Release\glfw.pdb'; linking object as if no debug info
glfw3.lib(win32_monitor.obj) : warning LNK4099: PDB 'glfw.pdb' was not found with 'glfw3.lib(win32_monitor.obj)' or at 'D:\Github\GrafikaBeadando\Grafika\x64\Release\glfw.pdb'; linking object as if no debug info
glfw3.lib(monitor.obj) : warning LNK4099: PDB 'glfw.pdb' was not found with 'glfw3.lib(monitor.obj)' or at 'D:\Github\GrafikaBeadando\Grafika\x64\Release\glfw.pdb'; linking object as if no debug info
glfw3.lib(vulkan.obj) : warning LNK4099: PDB 'glfw.pdb' was not found with 'glfw3.lib(vulkan.obj)' or at 'D:\Github\GrafikaBeadando\Grafika\x64\Release\glfw.pdb'; linking object as if no debug info
glfw3.lib(wgl_context.obj) : warning LNK4099: PDB 'glfw.pdb' was not found with 'glfw3.lib(wgl_context.obj)' or at 'D:\Github\GrafikaBeadando\Grafika\x64\Release\glfw.pdb'; linking object as if no debug info
glfw3.lib(egl_context.obj) : warning LNK4099: PDB 'glfw.pdb' was not found with 'glfw3.lib(egl_context.obj)' or at 'D:\Github\GrafikaBeadando\Grafika\x64\Release\glfw.pdb'; linking object as if no debug info
glfw3.lib(osmesa_context.obj) : warning LNK4099: PDB 'glfw.pdb' was not found with 'glfw3.lib(osmesa_context.obj)' or at 'D:\Github\GrafikaBeadando\Grafika\x64\Release\glfw.pdb'; linking object as if no debug info
  Grafika.vcxproj -> D:\Github\GrafikaBeadando\Grafika\x64\Release\Grafika.exe
