  Source.cpp
D:\Github\GrafikaBeadando\Masodik_Beadando\Source.cpp(88,34): warning C4244: '+=': conversion from 'GLdouble' to 'T', possible loss of data
          with
          [
              T=float
          ]
D:\Github\GrafikaBeadando\Masodik_Beadando\Source.cpp(89,34): warning C4244: '+=': conversion from 'GLdouble' to 'T', possible loss of data
          with
          [
              T=float
          ]
D:\Github\GrafikaBeadando\Masodik_Beadando\Source.cpp(90,34): warning C4244: '+=': conversion from 'GLdouble' to 'T', possible loss of data
          with
          [
              T=float
          ]
D:\Github\GrafikaBeadando\Masodik_Beadando\Source.cpp(279,50): warning C4267: 'argument': conversion from 'size_t' to 'GLsizei', possible loss of data
D:\Github\GrafikaBeadando\Masodik_Beadando\Source.cpp(288,54): warning C4267: 'argument': conversion from 'size_t' to 'GLsizei', possible loss of data
D:\Github\GrafikaBeadando\Masodik_Beadando\Source.cpp(293,51): warning C4267: 'argument': conversion from 'size_t' to 'GLsizei', possible loss of data
D:\Github\GrafikaBeadando\Masodik_Beadando\Source.cpp(342,60): warning C4244: '=': conversion from 'double' to 'T', possible loss of data
          with
          [
              T=float
          ]
D:\Github\GrafikaBeadando\Masodik_Beadando\Source.cpp(343,79): warning C4244: '=': conversion from 'double' to 'T', possible loss of data
          with
          [
              T=float
          ]
D:\Github\GrafikaBeadando\Masodik_Beadando\Source.cpp(355,91): warning C4244: 'argument': conversion from 'double' to 'GLfloat', possible loss of data
D:\Github\GrafikaBeadando\Masodik_Beadando\Source.cpp(355,74): warning C4244: 'argument': conversion from 'double' to 'GLfloat', possible loss of data
D:\Github\GrafikaBeadando\Masodik_Beadando\Source.cpp(355,6): warning C4267: 'argument': conversion from 'size_t' to 'GLint', possible loss of data
D:\Github\GrafikaBeadando\Masodik_Beadando\Source.cpp(369,91): warning C4244: 'argument': conversion from 'double' to 'GLfloat', possible loss of data
D:\Github\GrafikaBeadando\Masodik_Beadando\Source.cpp(369,74): warning C4244: 'argument': conversion from 'double' to 'GLfloat', possible loss of data
D:\Github\GrafikaBeadando\Masodik_Beadando\Source.cpp(369,6): warning C4267: 'argument': conversion from 'size_t' to 'GLint', possible loss of data
LINK : warning LNK4098: defaultlib 'MSVCRTD' conflicts with use of other libs; use /NODEFAULTLIB:library
  Generating code
  Previous IPDB and IOBJ mismatch, fall back to full compilation.
  All 285 functions were compiled because no usable IPDB/IOBJ from previous compilation was found.
  Finished generating code
glfw3.lib(context.obj) : warning LNK4099: PDB 'glfw.pdb' was not found with 'glfw3.lib(context.obj)' or at 'D:\Github\GrafikaBeadando\Masodik_Beadando\x64\Release\glfw.pdb'; linking object as if no debug info
glfw3.lib(window.obj) : warning LNK4099: PDB 'glfw.pdb' was not found with 'glfw3.lib(window.obj)' or at 'D:\Github\GrafikaBeadando\Masodik_Beadando\x64\Release\glfw.pdb'; linking object as if no debug info
glfw3.lib(input.obj) : warning LNK4099: PDB 'glfw.pdb' was not found with 'glfw3.lib(input.obj)' or at 'D:\Github\GrafikaBeadando\Masodik_Beadando\x64\Release\glfw.pdb'; linking object as if no debug info
glfw3.lib(init.obj) : warning LNK4099: PDB 'glfw.pdb' was not found with 'glfw3.lib(init.obj)' or at 'D:\Github\GrafikaBeadando\Masodik_Beadando\x64\Release\glfw.pdb'; linking object as if no debug info
glfw3.lib(win32_thread.obj) : warning LNK4099: PDB 'glfw.pdb' was not found with 'glfw3.lib(win32_thread.obj)' or at 'D:\Github\GrafikaBeadando\Masodik_Beadando\x64\Release\glfw.pdb'; linking object as if no debug info
glfw3.lib(win32_window.obj) : warning LNK4099: PDB 'glfw.pdb' was not found with 'glfw3.lib(win32_window.obj)' or at 'D:\Github\GrafikaBeadando\Masodik_Beadando\x64\Release\glfw.pdb'; linking object as if no debug info
glfw3.lib(win32_joystick.obj) : warning LNK4099: PDB 'glfw.pdb' was not found with 'glfw3.lib(win32_joystick.obj)' or at 'D:\Github\GrafikaBeadando\Masodik_Beadando\x64\Release\glfw.pdb'; linking object as if no debug info
glfw3.lib(win32_time.obj) : warning LNK4099: PDB 'glfw.pdb' was not found with 'glfw3.lib(win32_time.obj)' or at 'D:\Github\GrafikaBeadando\Masodik_Beadando\x64\Release\glfw.pdb'; linking object as if no debug info
glfw3.lib(win32_init.obj) : warning LNK4099: PDB 'glfw.pdb' was not found with 'glfw3.lib(win32_init.obj)' or at 'D:\Github\GrafikaBeadando\Masodik_Beadando\x64\Release\glfw.pdb'; linking object as if no debug info
glfw3.lib(win32_monitor.obj) : warning LNK4099: PDB 'glfw.pdb' was not found with 'glfw3.lib(win32_monitor.obj)' or at 'D:\Github\GrafikaBeadando\Masodik_Beadando\x64\Release\glfw.pdb'; linking object as if no debug info
glfw3.lib(monitor.obj) : warning LNK4099: PDB 'glfw.pdb' was not found with 'glfw3.lib(monitor.obj)' or at 'D:\Github\GrafikaBeadando\Masodik_Beadando\x64\Release\glfw.pdb'; linking object as if no debug info
glfw3.lib(vulkan.obj) : warning LNK4099: PDB 'glfw.pdb' was not found with 'glfw3.lib(vulkan.obj)' or at 'D:\Github\GrafikaBeadando\Masodik_Beadando\x64\Release\glfw.pdb'; linking object as if no debug info
glfw3.lib(wgl_context.obj) : warning LNK4099: PDB 'glfw.pdb' was not found with 'glfw3.lib(wgl_context.obj)' or at 'D:\Github\GrafikaBeadando\Masodik_Beadando\x64\Release\glfw.pdb'; linking object as if no debug info
glfw3.lib(egl_context.obj) : warning LNK4099: PDB 'glfw.pdb' was not found with 'glfw3.lib(egl_context.obj)' or at 'D:\Github\GrafikaBeadando\Masodik_Beadando\x64\Release\glfw.pdb'; linking object as if no debug info
glfw3.lib(osmesa_context.obj) : warning LNK4099: PDB 'glfw.pdb' was not found with 'glfw3.lib(osmesa_context.obj)' or at 'D:\Github\GrafikaBeadando\Masodik_Beadando\x64\Release\glfw.pdb'; linking object as if no debug info
  Grafika.vcxproj -> D:\Github\GrafikaBeadando\Masodik_Beadando\x64\Release\Grafika.exe
